# JRE version: Java(TM) SE Runtime Environment (17.0.12+8) (build 17.0.12+8-LTS-286)
# Java VM: Java HotSpot(TM) 64-Bit Server VM (17.0.12+8-LTS-286, mixed mode, sharing, tiered, compressed oops, compressed class ptrs, g1 gc, windows-amd64)
GC Precious Log:
 CPUs: 32 total, 32 available
 Memory: 32508M
 Large Page Support: Disabled
 NUMA Support: Disabled
 Compressed Oops: Enabled (Zero based)
 Heap Region Size: 4M
 Heap Min Capacity: 8M
 Heap Initial Capacity: 508M
 Heap Max Capacity: 8128M
 Pre-touch: Disabled
 Parallel Workers: 23
 Concurrent Workers: 6
 Concurrent Refinement Workers: 23
 Periodic GC: Disabled
Heap:
 garbage-first heap   total 581632K, used 373396K [0x0000000604000000, 0x0000000800000000)
  region size 4096K, 8 young (32768K), 1 survivors (4096K)
 Metaspace       used 72026K, committed 72384K, reserved 1114112K
  class space    used 7511K, committed 7680K, reserved 1048576K
GC Heap History (20 events):
Event: 19.210 GC heap before
{Heap before GC invocations=50 (full 0):
 garbage-first heap   total 368640K, used 311264K [0x0000000604000000, 0x0000000800000000)
  region size 4096K, 22 young (90112K), 3 survivors (12288K)
 Metaspace       used 60026K, committed 60352K, reserved 1114112K
  class space    used 6486K, committed 6656K, reserved 1048576K
}
Event: 19.214 GC heap after
{Heap after GC invocations=51 (full 0):
 garbage-first heap   total 442368K, used 237490K [0x0000000604000000, 0x0000000800000000)
  region size 4096K, 3 young (12288K), 3 survivors (12288K)
 Metaspace       used 60026K, committed 60352K, reserved 1114112K
  class space    used 6486K, committed 6656K, reserved 1048576K
}
Event: 19.489 GC heap before
{Heap before GC invocations=51 (full 0):
 garbage-first heap   total 442368K, used 368562K [0x0000000604000000, 0x0000000800000000)
  region size 4096K, 35 young (143360K), 3 survivors (12288K)
 Metaspace       used 60124K, committed 60480K, reserved 1114112K
  class space    used 6488K, committed 6656K, reserved 1048576K
}
Event: 19.492 GC heap after
{Heap after GC invocations=52 (full 0):
 garbage-first heap   total 442368K, used 239653K [0x0000000604000000, 0x0000000800000000)
  region size 4096K, 3 young (12288K), 3 survivors (12288K)
 Metaspace       used 60124K, committed 60480K, reserved 1114112K
  class space    used 6488K, committed 6656K, reserved 1048576K
}
Event: 19.718 GC heap before
{Heap before GC invocations=52 (full 0):
 garbage-first heap   total 442368K, used 374821K [0x0000000604000000, 0x0000000800000000)
  region size 4096K, 36 young (147456K), 3 survivors (12288K)
 Metaspace       used 60157K, committed 60480K, reserved 1114112K
  class space    used 6488K, committed 6656K, reserved 1048576K
}
Event: 19.721 GC heap after
{Heap after GC invocations=53 (full 0):
 garbage-first heap   total 442368K, used 242138K [0x0000000604000000, 0x0000000800000000)
  region size 4096K, 3 young (12288K), 3 survivors (12288K)
 Metaspace       used 60157K, committed 60480K, reserved 1114112K
  class space    used 6488K, committed 6656K, reserved 1048576K
}
Event: 20.822 GC heap before
{Heap before GC invocations=53 (full 0):
 garbage-first heap   total 442368K, used 377306K [0x0000000604000000, 0x0000000800000000)
  region size 4096K, 36 young (147456K), 3 survivors (12288K)
 Metaspace       used 67398K, committed 67776K, reserved 1114112K
  class space    used 7129K, committed 7296K, reserved 1048576K
}
Event: 20.827 GC heap after
{Heap after GC invocations=54 (full 0):
 garbage-first heap   total 442368K, used 253752K [0x0000000604000000, 0x0000000800000000)
  region size 4096K, 5 young (20480K), 5 survivors (20480K)
 Metaspace       used 67398K, committed 67776K, reserved 1114112K
  class space    used 7129K, committed 7296K, reserved 1048576K
}
Event: 21.791 GC heap before
{Heap before GC invocations=54 (full 0):
 garbage-first heap   total 442368K, used 368440K [0x0000000604000000, 0x0000000800000000)
  region size 4096K, 33 young (135168K), 5 survivors (20480K)
 Metaspace       used 69037K, committed 69376K, reserved 1114112K
  class space    used 7281K, committed 7424K, reserved 1048576K
}
Event: 21.800 GC heap after
{Heap after GC invocations=55 (full 0):
 garbage-first heap   total 442368K, used 267594K [0x0000000604000000, 0x0000000800000000)
  region size 4096K, 4 young (16384K), 4 survivors (16384K)
 Metaspace       used 69037K, committed 69376K, reserved 1114112K
  class space    used 7281K, committed 7424K, reserved 1048576K
}
Event: 22.474 GC heap before
{Heap before GC invocations=55 (full 0):
 garbage-first heap   total 442368K, used 365898K [0x0000000604000000, 0x0000000800000000)
  region size 4096K, 29 young (118784K), 4 survivors (16384K)
 Metaspace       used 70512K, committed 70912K, reserved 1114112K
  class space    used 7407K, committed 7616K, reserved 1048576K
}
Event: 22.480 GC heap after
{Heap after GC invocations=56 (full 0):
 garbage-first heap   total 442368K, used 280843K [0x0000000604000000, 0x0000000800000000)
  region size 4096K, 4 young (16384K), 4 survivors (16384K)
 Metaspace       used 70512K, committed 70912K, reserved 1114112K
  class space    used 7407K, committed 7616K, reserved 1048576K
}
Event: 22.842 GC heap before
{Heap before GC invocations=56 (full 0):
 garbage-first heap   total 442368K, used 362763K [0x0000000604000000, 0x0000000800000000)
  region size 4096K, 24 young (98304K), 4 survivors (16384K)
 Metaspace       used 70861K, committed 71232K, reserved 1114112K
  class space    used 7428K, committed 7616K, reserved 1048576K
}
Event: 22.851 GC heap after
{Heap after GC invocations=57 (full 0):
 garbage-first heap   total 442368K, used 317972K [0x0000000604000000, 0x0000000800000000)
  region size 4096K, 3 young (12288K), 3 survivors (12288K)
 Metaspace       used 70861K, committed 71232K, reserved 1114112K
  class space    used 7428K, committed 7616K, reserved 1048576K
}
Event: 23.046 GC heap before
{Heap before GC invocations=57 (full 0):
 garbage-first heap   total 442368K, used 358932K [0x0000000604000000, 0x0000000800000000)
  region size 4096K, 13 young (53248K), 3 survivors (12288K)
 Metaspace       used 71177K, committed 71488K, reserved 1114112K
  class space    used 7448K, committed 7616K, reserved 1048576K
}
Event: 23.055 GC heap after
{Heap after GC invocations=58 (full 0):
 garbage-first heap   total 442368K, used 338681K [0x0000000604000000, 0x0000000800000000)
  region size 4096K, 2 young (8192K), 2 survivors (8192K)
 Metaspace       used 71177K, committed 71488K, reserved 1114112K
  class space    used 7448K, committed 7616K, reserved 1048576K
}
Event: 23.141 GC heap before
{Heap before GC invocations=58 (full 0):
 garbage-first heap   total 442368K, used 363257K [0x0000000604000000, 0x0000000800000000)
  region size 4096K, 8 young (32768K), 2 survivors (8192K)
 Metaspace       used 71304K, committed 71616K, reserved 1114112K
  class space    used 7452K, committed 7616K, reserved 1048576K
}
Event: 23.146 GC heap after
{Heap after GC invocations=59 (full 0):
 garbage-first heap   total 442368K, used 345438K [0x0000000604000000, 0x0000000800000000)
  region size 4096K, 1 young (4096K), 1 survivors (4096K)
 Metaspace       used 71304K, committed 71616K, reserved 1114112K
  class space    used 7452K, committed 7616K, reserved 1048576K
}
Event: 23.215 GC heap before
{Heap before GC invocations=59 (full 0):
 garbage-first heap   total 442368K, used 370014K [0x0000000604000000, 0x0000000800000000)
  region size 4096K, 7 young (28672K), 1 survivors (4096K)
 Metaspace       used 71318K, committed 71680K, reserved 1114112K
  class space    used 7452K, committed 7616K, reserved 1048576K
}
Event: 23.218 GC heap after
{Heap after GC invocations=60 (full 0):
 garbage-first heap   total 581632K, used 348820K [0x0000000604000000, 0x0000000800000000)
  region size 4096K, 1 young (4096K), 1 survivors (4096K)
 Metaspace       used 71318K, committed 71680K, reserved 1114112K
  class space    used 7452K, committed 7616K, reserved 1048576K
}

