# JRE version: OpenJDK Runtime Environment (21.0.8) (build 21.0.8+-14196175-b1038.72)
# Java VM: OpenJDK 64-Bit Server VM (21.0.8+-14196175-b1038.72, mixed mode, tiered, compressed oops, compressed class ptrs, g1 gc, windows-amd64)
GC Precious Log:
 CardTable entry size: 512
 Card Set container configuration: InlinePtr #cards 5 size 8 Array Of Cards #cards 12 size 40 Howl #buckets 4 coarsen threshold 1843 Howl Bitmap #cards 512 size 80 coarsen threshold 460 Card regions per heap region 1 cards per card region 2048
 CPUs: 32 total, 32 available
 Memory: 32508M
 Large Page Support: Disabled
 NUMA Support: Disabled
 Compressed Oops: Enabled (32-bit)
 Heap Region Size: 1M
 Heap Min Capacity: 8M
 Heap Initial Capacity: 508M
 Heap Max Capacity: 2G
 Pre-touch: Disabled
 Parallel Workers: 23
 Concurrent Workers: 6
 Concurrent Refinement Workers: 23
 Periodic GC: Disabled
Heap:
 garbage-first heap   total 366592K, used 56691K [0x0000000080000000, 0x0000000100000000)
  region size 1024K, 14 young (14336K), 14 survivors (14336K)
 Metaspace       used 60508K, committed 61760K, reserved 1114112K
  class space    used 8239K, committed 8832K, reserved 1048576K
GC Heap History (20 events):
Event: 3.416 GC heap after
{Heap after GC invocations=30 (full 0):
 garbage-first heap   total 224256K, used 46198K [0x0000000080000000, 0x0000000100000000)
  region size 1024K, 9 young (9216K), 9 survivors (9216K)
 Metaspace       used 60465K, committed 61760K, reserved 1114112K
  class space    used 8239K, committed 8832K, reserved 1048576K
}
Event: 3.475 GC heap before
{Heap before GC invocations=30 (full 0):
 garbage-first heap   total 224256K, used 171126K [0x0000000080000000, 0x0000000100000000)
  region size 1024K, 131 young (134144K), 9 survivors (9216K)
 Metaspace       used 60474K, committed 61760K, reserved 1114112K
  class space    used 8239K, committed 8832K, reserved 1048576K
}
Event: 3.479 GC heap after
{Heap after GC invocations=31 (full 0):
 garbage-first heap   total 295936K, used 47156K [0x0000000080000000, 0x0000000100000000)
  region size 1024K, 9 young (9216K), 9 survivors (9216K)
 Metaspace       used 60474K, committed 61760K, reserved 1114112K
  class space    used 8239K, committed 8832K, reserved 1048576K
}
Event: 3.573 GC heap before
{Heap before GC invocations=31 (full 0):
 garbage-first heap   total 295936K, used 215092K [0x0000000080000000, 0x0000000100000000)
  region size 1024K, 173 young (177152K), 9 survivors (9216K)
 Metaspace       used 60477K, committed 61760K, reserved 1114112K
  class space    used 8239K, committed 8832K, reserved 1048576K
}
Event: 3.577 GC heap after
{Heap after GC invocations=32 (full 0):
 garbage-first heap   total 295936K, used 47240K [0x0000000080000000, 0x0000000100000000)
  region size 1024K, 9 young (9216K), 9 survivors (9216K)
 Metaspace       used 60477K, committed 61760K, reserved 1114112K
  class space    used 8239K, committed 8832K, reserved 1048576K
}
Event: 3.667 GC heap before
{Heap before GC invocations=32 (full 0):
 garbage-first heap   total 295936K, used 215176K [0x0000000080000000, 0x0000000100000000)
  region size 1024K, 173 young (177152K), 9 survivors (9216K)
 Metaspace       used 60478K, committed 61760K, reserved 1114112K
  class space    used 8239K, committed 8832K, reserved 1048576K
}
Event: 3.670 GC heap after
{Heap after GC invocations=33 (full 0):
 garbage-first heap   total 295936K, used 48197K [0x0000000080000000, 0x0000000100000000)
  region size 1024K, 10 young (10240K), 10 survivors (10240K)
 Metaspace       used 60478K, committed 61760K, reserved 1114112K
  class space    used 8239K, committed 8832K, reserved 1048576K
}
Event: 3.756 GC heap before
{Heap before GC invocations=33 (full 0):
 garbage-first heap   total 295936K, used 215109K [0x0000000080000000, 0x0000000100000000)
  region size 1024K, 173 young (177152K), 10 survivors (10240K)
 Metaspace       used 60481K, committed 61760K, reserved 1114112K
  class space    used 8239K, committed 8832K, reserved 1048576K
}
Event: 3.760 GC heap after
{Heap after GC invocations=34 (full 0):
 garbage-first heap   total 295936K, used 49406K [0x0000000080000000, 0x0000000100000000)
  region size 1024K, 10 young (10240K), 10 survivors (10240K)
 Metaspace       used 60481K, committed 61760K, reserved 1114112K
  class space    used 8239K, committed 8832K, reserved 1048576K
}
Event: 3.856 GC heap before
{Heap before GC invocations=34 (full 0):
 garbage-first heap   total 295936K, used 216318K [0x0000000080000000, 0x0000000100000000)
  region size 1024K, 173 young (177152K), 10 survivors (10240K)
 Metaspace       used 60495K, committed 61760K, reserved 1114112K
  class space    used 8239K, committed 8832K, reserved 1048576K
}
Event: 3.859 GC heap after
{Heap after GC invocations=35 (full 0):
 garbage-first heap   total 366592K, used 50348K [0x0000000080000000, 0x0000000100000000)
  region size 1024K, 11 young (11264K), 11 survivors (11264K)
 Metaspace       used 60495K, committed 61760K, reserved 1114112K
  class space    used 8239K, committed 8832K, reserved 1048576K
}
Event: 4.010 GC heap before
{Heap before GC invocations=35 (full 0):
 garbage-first heap   total 366592K, used 258220K [0x0000000080000000, 0x0000000100000000)
  region size 1024K, 214 young (219136K), 11 survivors (11264K)
 Metaspace       used 60500K, committed 61760K, reserved 1114112K
  class space    used 8239K, committed 8832K, reserved 1048576K
}
Event: 4.014 GC heap after
{Heap after GC invocations=36 (full 0):
 garbage-first heap   total 366592K, used 51622K [0x0000000080000000, 0x0000000100000000)
  region size 1024K, 12 young (12288K), 12 survivors (12288K)
 Metaspace       used 60500K, committed 61760K, reserved 1114112K
  class space    used 8239K, committed 8832K, reserved 1048576K
}
Event: 4.131 GC heap before
{Heap before GC invocations=36 (full 0):
 garbage-first heap   total 366592K, used 258470K [0x0000000080000000, 0x0000000100000000)
  region size 1024K, 214 young (219136K), 12 survivors (12288K)
 Metaspace       used 60503K, committed 61760K, reserved 1114112K
  class space    used 8239K, committed 8832K, reserved 1048576K
}
Event: 4.136 GC heap after
{Heap after GC invocations=37 (full 0):
 garbage-first heap   total 366592K, used 53174K [0x0000000080000000, 0x0000000100000000)
  region size 1024K, 13 young (13312K), 13 survivors (13312K)
 Metaspace       used 60503K, committed 61760K, reserved 1114112K
  class space    used 8239K, committed 8832K, reserved 1048576K
}
Event: 4.246 GC heap before
{Heap before GC invocations=37 (full 0):
 garbage-first heap   total 366592K, used 258998K [0x0000000080000000, 0x0000000100000000)
  region size 1024K, 214 young (219136K), 13 survivors (13312K)
 Metaspace       used 60505K, committed 61760K, reserved 1114112K
  class space    used 8239K, committed 8832K, reserved 1048576K
}
Event: 4.250 GC heap after
{Heap after GC invocations=38 (full 0):
 garbage-first heap   total 366592K, used 55304K [0x0000000080000000, 0x0000000100000000)
  region size 1024K, 14 young (14336K), 14 survivors (14336K)
 Metaspace       used 60505K, committed 61760K, reserved 1114112K
  class space    used 8239K, committed 8832K, reserved 1048576K
}
Event: 4.345 GC heap before
{Heap before GC invocations=38 (full 0):
 garbage-first heap   total 366592K, used 260104K [0x0000000080000000, 0x0000000100000000)
  region size 1024K, 214 young (219136K), 14 survivors (14336K)
 Metaspace       used 60505K, committed 61760K, reserved 1114112K
  class space    used 8239K, committed 8832K, reserved 1048576K
}
Event: 4.350 GC heap after
{Heap after GC invocations=39 (full 0):
 garbage-first heap   total 366592K, used 55871K [0x0000000080000000, 0x0000000100000000)
  region size 1024K, 14 young (14336K), 14 survivors (14336K)
 Metaspace       used 60505K, committed 61760K, reserved 1114112K
  class space    used 8239K, committed 8832K, reserved 1048576K
}
Event: 4.446 GC heap before
{Heap before GC invocations=39 (full 0):
 garbage-first heap   total 366592K, used 260671K [0x0000000080000000, 0x0000000100000000)
  region size 1024K, 214 young (219136K), 14 survivors (14336K)
 Metaspace       used 60508K, committed 61760K, reserved 1114112K
  class space    used 8239K, committed 8832K, reserved 1048576K
}

