# JRE version: OpenJDK Runtime Environment (21.0.8) (build 21.0.8+-14196175-b1038.72)
# Java VM: OpenJDK 64-Bit Server VM (21.0.8+-14196175-b1038.72, mixed mode, tiered, compressed oops, compressed class ptrs, g1 gc, windows-amd64)
GC Precious Log:
 CardTable entry size: 512
 Card Set container configuration: InlinePtr #cards 5 size 8 Array Of Cards #cards 12 size 40 Howl #buckets 4 coarsen threshold 1843 Howl Bitmap #cards 512 size 80 coarsen threshold 460 Card regions per heap region 1 cards per card region 2048
 CPUs: 32 total, 32 available
 Memory: 32508M
 Large Page Support: Disabled
 NUMA Support: Disabled
 Compressed Oops: Enabled (32-bit)
 Heap Region Size: 1M
 Heap Min Capacity: 8M
 Heap Initial Capacity: 508M
 Heap Max Capacity: 2G
 Pre-touch: Disabled
 Parallel Workers: 23
 Concurrent Workers: 6
 Concurrent Refinement Workers: 23
 Periodic GC: Disabled
Heap:
 garbage-first heap   total 435200K, used 63217K [0x0000000080000000, 0x0000000100000000)
  region size 1024K, 15 young (15360K), 15 survivors (15360K)
 Metaspace       used 60513K, committed 61824K, reserved 1114112K
  class space    used 8245K, committed 8896K, reserved 1048576K
GC Heap History (20 events):
Event: 4.056 GC heap after
{Heap after GC invocations=45 (full 0):
 garbage-first heap   total 247808K, used 52136K [0x0000000080000000, 0x0000000100000000)
  region size 1024K, 9 young (9216K), 9 survivors (9216K)
 Metaspace       used 60492K, committed 61824K, reserved 1114112K
  class space    used 8245K, committed 8896K, reserved 1048576K
}
Event: 4.131 GC heap before
{Heap before GC invocations=45 (full 0):
 garbage-first heap   total 247808K, used 191400K [0x0000000080000000, 0x0000000100000000)
  region size 1024K, 145 young (148480K), 9 survivors (9216K)
 Metaspace       used 60495K, committed 61824K, reserved 1114112K
  class space    used 8245K, committed 8896K, reserved 1048576K
}
Event: 4.134 GC heap after
{Heap after GC invocations=46 (full 0):
 garbage-first heap   total 247808K, used 53607K [0x0000000080000000, 0x0000000100000000)
  region size 1024K, 10 young (10240K), 10 survivors (10240K)
 Metaspace       used 60495K, committed 61824K, reserved 1114112K
  class space    used 8245K, committed 8896K, reserved 1048576K
}
Event: 4.208 GC heap before
{Heap before GC invocations=46 (full 0):
 garbage-first heap   total 247808K, used 191847K [0x0000000080000000, 0x0000000100000000)
  region size 1024K, 145 young (148480K), 10 survivors (10240K)
 Metaspace       used 60495K, committed 61824K, reserved 1114112K
  class space    used 8245K, committed 8896K, reserved 1048576K
}
Event: 4.212 GC heap after
{Heap after GC invocations=47 (full 0):
 garbage-first heap   total 307200K, used 54142K [0x0000000080000000, 0x0000000100000000)
  region size 1024K, 10 young (10240K), 10 survivors (10240K)
 Metaspace       used 60495K, committed 61824K, reserved 1114112K
  class space    used 8245K, committed 8896K, reserved 1048576K
}
Event: 4.306 GC heap before
{Heap before GC invocations=47 (full 0):
 garbage-first heap   total 307200K, used 228222K [0x0000000080000000, 0x0000000100000000)
  region size 1024K, 180 young (184320K), 10 survivors (10240K)
 Metaspace       used 60495K, committed 61824K, reserved 1114112K
  class space    used 8245K, committed 8896K, reserved 1048576K
}
Event: 4.309 GC heap after
{Heap after GC invocations=48 (full 0):
 garbage-first heap   total 307200K, used 55178K [0x0000000080000000, 0x0000000100000000)
  region size 1024K, 11 young (11264K), 11 survivors (11264K)
 Metaspace       used 60495K, committed 61824K, reserved 1114112K
  class space    used 8245K, committed 8896K, reserved 1048576K
}
Event: 4.392 GC heap before
{Heap before GC invocations=48 (full 0):
 garbage-first heap   total 307200K, used 228234K [0x0000000080000000, 0x0000000100000000)
  region size 1024K, 180 young (184320K), 11 survivors (11264K)
 Metaspace       used 60498K, committed 61824K, reserved 1114112K
  class space    used 8245K, committed 8896K, reserved 1048576K
}
Event: 4.396 GC heap after
{Heap after GC invocations=49 (full 0):
 garbage-first heap   total 307200K, used 56395K [0x0000000080000000, 0x0000000100000000)
  region size 1024K, 12 young (12288K), 12 survivors (12288K)
 Metaspace       used 60498K, committed 61824K, reserved 1114112K
  class space    used 8245K, committed 8896K, reserved 1048576K
}
Event: 4.481 GC heap before
{Heap before GC invocations=49 (full 0):
 garbage-first heap   total 307200K, used 228427K [0x0000000080000000, 0x0000000100000000)
  region size 1024K, 180 young (184320K), 12 survivors (12288K)
 Metaspace       used 60499K, committed 61824K, reserved 1114112K
  class space    used 8245K, committed 8896K, reserved 1048576K
}
Event: 4.485 GC heap after
{Heap after GC invocations=50 (full 0):
 garbage-first heap   total 307200K, used 57360K [0x0000000080000000, 0x0000000100000000)
  region size 1024K, 12 young (12288K), 12 survivors (12288K)
 Metaspace       used 60499K, committed 61824K, reserved 1114112K
  class space    used 8245K, committed 8896K, reserved 1048576K
}
Event: 4.564 GC heap before
{Heap before GC invocations=50 (full 0):
 garbage-first heap   total 307200K, used 229392K [0x0000000080000000, 0x0000000100000000)
  region size 1024K, 180 young (184320K), 12 survivors (12288K)
 Metaspace       used 60499K, committed 61824K, reserved 1114112K
  class space    used 8245K, committed 8896K, reserved 1048576K
}
Event: 4.568 GC heap after
{Heap after GC invocations=51 (full 0):
 garbage-first heap   total 378880K, used 58176K [0x0000000080000000, 0x0000000100000000)
  region size 1024K, 13 young (13312K), 13 survivors (13312K)
 Metaspace       used 60499K, committed 61824K, reserved 1114112K
  class space    used 8245K, committed 8896K, reserved 1048576K
}
Event: 4.696 GC heap before
{Heap before GC invocations=51 (full 0):
 garbage-first heap   total 378880K, used 273216K [0x0000000080000000, 0x0000000100000000)
  region size 1024K, 222 young (227328K), 13 survivors (13312K)
 Metaspace       used 60504K, committed 61824K, reserved 1114112K
  class space    used 8245K, committed 8896K, reserved 1048576K
}
Event: 4.700 GC heap after
{Heap after GC invocations=52 (full 0):
 garbage-first heap   total 378880K, used 60233K [0x0000000080000000, 0x0000000100000000)
  region size 1024K, 14 young (14336K), 14 survivors (14336K)
 Metaspace       used 60504K, committed 61824K, reserved 1114112K
  class space    used 8245K, committed 8896K, reserved 1048576K
}
Event: 4.813 GC heap before
{Heap before GC invocations=52 (full 0):
 garbage-first heap   total 378880K, used 273225K [0x0000000080000000, 0x0000000100000000)
  region size 1024K, 222 young (227328K), 14 survivors (14336K)
 Metaspace       used 60512K, committed 61824K, reserved 1114112K
  class space    used 8245K, committed 8896K, reserved 1048576K
}
Event: 4.818 GC heap after
{Heap after GC invocations=53 (full 0):
 garbage-first heap   total 378880K, used 61064K [0x0000000080000000, 0x0000000100000000)
  region size 1024K, 15 young (15360K), 15 survivors (15360K)
 Metaspace       used 60512K, committed 61824K, reserved 1114112K
  class space    used 8245K, committed 8896K, reserved 1048576K
}
Event: 4.947 GC heap before
{Heap before GC invocations=53 (full 0):
 garbage-first heap   total 378880K, used 273032K [0x0000000080000000, 0x0000000100000000)
  region size 1024K, 222 young (227328K), 15 survivors (15360K)
 Metaspace       used 60512K, committed 61824K, reserved 1114112K
  class space    used 8245K, committed 8896K, reserved 1048576K
}
Event: 4.951 GC heap after
{Heap after GC invocations=54 (full 0):
 garbage-first heap   total 378880K, used 62735K [0x0000000080000000, 0x0000000100000000)
  region size 1024K, 16 young (16384K), 16 survivors (16384K)
 Metaspace       used 60512K, committed 61824K, reserved 1114112K
  class space    used 8245K, committed 8896K, reserved 1048576K
}
Event: 5.085 GC heap before
{Heap before GC invocations=54 (full 0):
 garbage-first heap   total 378880K, used 273679K [0x0000000080000000, 0x0000000100000000)
  region size 1024K, 222 young (227328K), 16 survivors (16384K)
 Metaspace       used 60513K, committed 61824K, reserved 1114112K
  class space    used 8245K, committed 8896K, reserved 1048576K
}

